2025-11-25 00:57:47 - server - INFO - ======================================================================
2025-11-25 00:57:47 - server - INFO - NEW RUN STARTED
2025-11-25 00:57:47 - server - INFO - Log Directory: C:\isaacsim\standalone_examples\voyager-robotic-isaac\logs\run_20251125_005747_main
2025-11-25 00:57:47 - server - INFO - Log File: C:\isaacsim\standalone_examples\voyager-robotic-isaac\logs\run_20251125_005747_main\robot_system.log
2025-11-25 00:57:47 - server - INFO - ======================================================================
2025-11-25 00:57:47 - server - INFO - ======================================================================
2025-11-25 00:57:47 - server - INFO - ROBOT ISAAC SIM SERVER
2025-11-25 00:57:47 - server - INFO - ======================================================================
2025-11-25 00:57:47 - server - INFO - [3/4] Initializing.
2025-11-25 00:57:47 - server - INFO - [1/4] Setting up Isaac Sim scene.
2025-11-25 00:57:48 - server - INFO - Ground plane added
2025-11-25 00:57:48 - server - INFO - Loading Robot from: https://omniverse-content-production.s3-us-west-2.amazonaws.com/Assets/Isaac/5.0/Isaac/Robots/NVIDIA/Jetbot/jetbot.usd
2025-11-25 00:57:49 - server - INFO - Robot USD loaded
2025-11-25 00:57:49 - server - INFO - Resetting world
2025-11-25 00:57:53 - server - INFO - World reset complete
2025-11-25 00:57:53 - server - INFO - Robot controller initialized
2025-11-25 00:57:53 - server - INFO - Scene setup complete!
2025-11-25 00:57:53 - server - INFO - [2/4] Starting API server.
2025-11-25 00:57:53 - commands - INFO - CommandLogger initialized - logging to C:\isaacsim\standalone_examples\voyager-robotic-isaac\logs\run_20251125_005747_main\robot_system.log
2025-11-25 00:57:53 - server - INFO - ======================================================================
2025-11-25 00:57:53 - server - INFO - ROBOT API SERVER INITIALIZED
2025-11-25 00:57:53 - server - INFO - Port: 8888
2025-11-25 00:57:53 - server - INFO - ======================================================================
2025-11-25 00:57:53 - server - INFO - Starting API server.
2025-11-25 00:57:53 - server - INFO - API Server running on localhost:8888
2025-11-25 00:57:53 - server - INFO - Waiting for client connections.
2025-11-25 00:57:53 - server - INFO - API server started
2025-11-25 00:57:53 - server - INFO - [4/4] Simulation running.
2025-11-25 00:57:53 - server - INFO - ======================================================================
2025-11-25 00:57:53 - server - INFO - READY FOR COMMANDS
2025-11-25 00:57:53 - server - INFO - ======================================================================
2025-11-25 00:57:53 - server - INFO - Server listening on port 8888
2025-11-25 00:57:53 - server - INFO - Run client: python -m client.manual_control
2025-11-25 00:57:53 - server - INFO - 
2025-11-25 00:58:05 - server - INFO - Command received: move_forward with params: {'distance': 1.0, 'speed': 0.5}
2025-11-25 00:58:05 - commands - INFO - Command executed: {'action': 'move_forward', 'params': {'distance': 1.0, 'speed': 0.5}, 'success': True, 'duration_ms': 0.0}
2025-11-25 00:58:07 - server - INFO - Command received: stop with params: {}
2025-11-25 00:58:07 - commands - INFO - Command executed: {'action': 'stop', 'params': {}, 'success': True, 'duration_ms': 0.5}
